This is pdfTeX, Version 3.14159265-2.6-1.40.19 (TeX Live 2018/MacPorts 2018.47642_1) (preloaded format=pdflatex 2018.7.3)  5 JAN 2019 16:51
entering extended mode
 restricted \write18 enabled.
 %&-line parsing enabled.
**sct.tex
(/opt/local/share/texmf-texlive/tex/latex/tools/q.tex
LaTeX2e <2018-04-01> patch level 2
Babel <3.18> and hyphenation patterns for 3 language(s) loaded.
File ignored
)
! Emergency stop.
<*> sct.tex
           
*** (job aborted, no legal \end found)

 
Here is how much of TeX's memory you used:
 7 strings out of 494590
 267 string characters out of 6177730
 51466 words of memory out of 5000000
 3738 multiletter control sequences out of 15000+600000
 3640 words of font info for 14 fonts, out of 8000000 for 9000
 14 hyphenation exceptions out of 8191
 5i,0n,1p,87b,8s stack positions out of 5000i,500n,10000p,200000b,80000s
!  ==> Fatal error occurred, no output PDF file produced!
